Paking ES ----------------- 
file es\default\banners\banners.xml crc 9c3d5ec
file es\default\banners\banner_bgnd.png crc 4484f5d3
file es\default\banners\bar.png crc 4b5af838
file es\default\banners\blank.png crc 5d029a9f
file es\default\banners\help.png crc 64a3f42
file es\default\banners\movistar.png crc ceeb036
file es\default\banners\settings.png crc 4915b82d
file es\default\device\available.png crc 13a30030
file es\default\device\device.png crc 929e3b79
file es\default\device\home.png crc 1b7eff49
file es\default\device\roaming.png crc 99e4ed4d
file es\default\dock\bkgnd.png crc e4f8a80c
file es\default\dock\bkgnd_inactive.png crc e2769584
file es\default\dock\connect.png crc f645f677
file es\default\dock\connecting.png crc d51ba8e4
file es\default\dock\disconnect.png crc e083f3c
file es\default\dock\docking.png crc c2f3ee62
file es\default\dock\lan.png crc 6a9f41e7
file es\default\dock\led_conectado.png crc 528b2173
file es\default\dock\led_desconectado.png crc 46ca0f8f
file es\default\dock\lock.png crc 914bfe22
file es\default\dock\logo.png crc 657ee009
file es\default\dock\signal.png crc d5170c72
file es\default\dock\smart.png crc fa078d06
file es\default\dock\traffic.png crc 22e40208
file es\default\dock\trafficgraph.png crc 82fdc3ea
file es\default\dock\unlock.png crc 791f289a
file es\default\dock\wifisignal.png crc cc4d7961
file es\default\icon.ico crc 689c41b1
file es\default\icons\addressbook.ico crc eaabfd4c
file es\default\icons\conectado.ico crc e5a7c684
file es\default\icons\conectado_smspending.ico crc d40fa1bb
file es\default\icons\desconectado.ico crc 761281be
file es\default\icons\desconectado_smspending.ico crc df75a9fb
file es\default\icons\fav.ico crc 50289520
file es\default\icons\favorites.ico crc 7daf34c9
file es\default\icons\help.ico crc aaf726de
file es\default\icons\intranet.ico crc 643453f5
file es\default\icons\recarga.ico crc fd93bd5c
file es\default\icons\settings.ico crc 3dc50878
file es\default\icons\sms.ico crc 9fdff0e2
file es\default\icons\traffic.ico crc 5f25c933
file es\default\icons\wifi.ico crc 4cf887ac
file es\default\notifiers\notifiers.xml crc b2c2b275
file es\default\notifiers\tbnclose.png crc 28ce6cde
file es\default\notifiers\tbnerror.png crc 20c194f0
file es\default\notifiers\tbngen.png crc 13d2bdfc
file es\default\notifiers\tbnhangup.png crc d4bda11f
file es\default\notifiers\tbnpickup.png crc 694a2b0e
file es\default\notifiers\tbnsms.png crc 93677774
file es\default\notifiers\tbnvcall.png crc e92e480e
file es\default\services\addressbook.png crc 243dd249
file es\default\services\circle.png crc 777cb985
file es\default\services\favorites.png crc 9cb36e95
file es\default\services\intranet.png crc 115d760
file es\default\services\more.png crc 5b277735
file es\default\services\recarga.png crc 29274e6d
file es\default\services\sms.png crc 50be5156
file es\default\services\wifi.png crc 5cb33854
file es\default\sysbtn\close.png crc a52bf9f4
file es\default\sysbtn\close_inactive.png crc 380569e
file es\default\sysbtn\help.png crc 9f967e65
file es\default\sysbtn\help_inactive.png crc 597cdcb2
file es\default\sysbtn\minimize.png crc 978797af
file es\default\sysbtn\minimize_inactive.png crc e9dea7e9
file es\default\sysbtn\settings.png crc 15fda041
file es\default\sysbtn\settings_inactive.png crc 695d7cab
file es\default\theme.xml crc 9363e381

Paking LATAM -----------------  
file latam\ar\default\banners\banners.xml crc c4bc8ac7
file latam\ar\default\banners\banner_bgnd.png crc 4484f5d3
file latam\ar\default\banners\bar.png crc 4b5af838
file latam\ar\default\banners\blank.png crc 5d029a9f
file latam\ar\default\banners\help.png crc 64a3f42
file latam\ar\default\banners\movistar.png crc ceeb036
file latam\ar\default\banners\settings.png crc 4915b82d
file latam\ar\default\device\available.png crc 13a30030
file latam\ar\default\device\device.png crc 929e3b79
file latam\ar\default\device\home.png crc 1b7eff49
file latam\ar\default\device\roaming.png crc 99e4ed4d
file latam\ar\default\dock\bkgnd.png crc af85248
file latam\ar\default\dock\bkgnd_inactive.png crc b7cd8a99
file latam\ar\default\dock\connect.png crc f645f677
file latam\ar\default\dock\connecting.png crc d51ba8e4
file latam\ar\default\dock\disconnect.png crc e083f3c
file latam\ar\default\dock\docking.png crc c2f3ee62
file latam\ar\default\dock\lan.png crc 6a9f41e7
file latam\ar\default\dock\led_conectado.png crc 528b2173
file latam\ar\default\dock\led_desconectado.png crc 46ca0f8f
file latam\ar\default\dock\lock.png crc 914bfe22
file latam\ar\default\dock\logo.png crc 657ee009
file latam\ar\default\dock\signal.png crc d5170c72
file latam\ar\default\dock\smart.png crc fa078d06
file latam\ar\default\dock\traffic.png crc 8cbc9fa4
file latam\ar\default\dock\trafficgraph.png crc 82fdc3ea
file latam\ar\default\dock\unlock.png crc 791f289a
file latam\ar\default\dock\wifisignal.png crc cc4d7961
file latam\ar\default\icon.ico crc 689c41b1
file latam\ar\default\icons\addressbook.ico crc e6885d44
file latam\ar\default\icons\app_latam.ico crc 87e17eb9
file latam\ar\default\icons\backup.ico crc ed4e0ba3
file latam\ar\default\icons\club_latam.ico crc 99a914b1
file latam\ar\default\icons\conectado.ico crc e5a7c684
file latam\ar\default\icons\conectado_smspending.ico crc d40fa1bb
file latam\ar\default\icons\contents_latam.ico crc 2c4b9eda
file latam\ar\default\icons\desconectado.ico crc 761281be
file latam\ar\default\icons\desconectado_smspending.ico crc df75a9fb
file latam\ar\default\icons\educacion_latam.ico crc 8b2b27d9
file latam\ar\default\icons\fav.ico crc 50289520
file latam\ar\default\icons\favorites.ico crc 876766e8
file latam\ar\default\icons\fsecure.ico crc 4964b8fd
file latam\ar\default\icons\help.ico crc 4c41c797
file latam\ar\default\icons\internet.ico crc ebb40cfe
file latam\ar\default\icons\live_latam.ico crc 44ddfeee
file latam\ar\default\icons\mimovistar.ico crc 44236c53
file latam\ar\default\icons\music_latam.ico crc 3cc2dcb0
file latam\ar\default\icons\online_channel.ico crc 82b9d29f
file latam\ar\default\icons\recharge_latam.ico crc 2b335850
file latam\ar\default\icons\secure.ico crc 28c239da
file latam\ar\default\icons\settings.ico crc a0a4e230
file latam\ar\default\icons\shop_latam.ico crc aa44fae3
file latam\ar\default\icons\sms.ico crc 5db3873f
file latam\ar\default\icons\tones_latam.ico crc 6b492a1b
file latam\ar\default\icons\traffic.ico crc fd02b725
file latam\ar\default\icons\usage_guide.ico crc f4de8c22
file latam\ar\default\icons\videocall.ico crc b5ff0506
file latam\ar\default\icons\web_portal.ico crc 50ccfe8c
file latam\ar\default\notifiers\notifiers.xml crc b2c2b275
file latam\ar\default\notifiers\tbnclose.png crc 28ce6cde
file latam\ar\default\notifiers\tbnerror.png crc 20c194f0
file latam\ar\default\notifiers\tbngen.png crc 13d2bdfc
file latam\ar\default\notifiers\tbnhangup.png crc d4bda11f
file latam\ar\default\notifiers\tbnpickup.png crc 694a2b0e
file latam\ar\default\notifiers\tbnsms.png crc 93677774
file latam\ar\default\notifiers\tbnvcall.png crc e92e480e
file latam\ar\default\services\addressbook.png crc 243dd249
file latam\ar\default\services\circle.png crc 777cb985
file latam\ar\default\services\favorites.png crc 9cb36e95
file latam\ar\default\services\fsecure.png crc 8b2b3050
file latam\ar\default\services\internet.png crc 16169c6b
file latam\ar\default\services\latam-aplicaciones.png crc ab012934
file latam\ar\default\services\latam-club.png crc caca51b5
file latam\ar\default\services\latam-contenidos.png crc cb9e7a2e
file latam\ar\default\services\latam-educacion.png crc 65a5cc1a
file latam\ar\default\services\latam-live.png crc bde338b8
file latam\ar\default\services\latam-musica.png crc e820afeb
file latam\ar\default\services\latam-recarga.png crc 89ab58d7
file latam\ar\default\services\latam-tiendaonline.png crc edacc75e
file latam\ar\default\services\latam-tones.png crc 4cd9187a
file latam\ar\default\services\mimovistar.png crc 824bf9ee
file latam\ar\default\services\more.png crc 5b277735
file latam\ar\default\services\online_channel.png crc 40a95cd5
file latam\ar\default\services\sms.png crc 50be5156
file latam\ar\default\services\usage_guide.png crc 7dae2f4a
file latam\ar\default\services\videocall.png crc da1e7f0d
file latam\ar\default\services\web_portal.png crc 3943c043
file latam\ar\default\sysbtn\close.png crc a52bf9f4
file latam\ar\default\sysbtn\close_inactive.png crc 380569e
file latam\ar\default\sysbtn\help.png crc 9f967e65
file latam\ar\default\sysbtn\help_inactive.png crc 597cdcb2
file latam\ar\default\sysbtn\minimize.png crc 978797af
file latam\ar\default\sysbtn\minimize_inactive.png crc e9dea7e9
file latam\ar\default\sysbtn\settings.png crc 15fda041
file latam\ar\default\sysbtn\settings_inactive.png crc 695d7cab
file latam\ar\default\theme.xml crc 88060def

Paking UK ----------------- 
file uk\default\banners\banners.xml crc f6182a45
file uk\default\banners\banner_bgnd.png crc 73577248
file uk\default\banners\help.png crc ecd10f4b
file uk\default\banners\settings.png crc 978695ac
file uk\default\device\available.png crc bdd6a592
file uk\default\device\device.png crc c503f974
file uk\default\device\home.png crc 76b94c5c
file uk\default\device\roaming.png crc a5954ad6
file uk\default\dock\bkgnd.png crc 41f639de
file uk\default\dock\connect.png crc 34dea8e9
file uk\default\dock\disconnect.png crc 831e9a27
file uk\default\dock\docking.png crc c2f3ee62
file uk\default\dock\lan.png crc 5235da99
file uk\default\dock\lock.png crc 4a793f3d
file uk\default\dock\logoo2.png crc 790bf030
file uk\default\dock\progconn.png crc 3bb4eba7
file uk\default\dock\signal.png crc 4fa625
file uk\default\dock\traffic.png crc 530b56f8
file uk\default\dock\trafficgraph.png crc b6996c62
file uk\default\dock\unlock.png crc 5767d744
file uk\default\dock\wifisignal.png crc 5aa81b25
file uk\default\icon.ico crc 2e692981
file uk\default\icons\addressbook.ico crc 87ad2fdf
file uk\default\icons\conectado.ico crc 3f9edd71
file uk\default\icons\conectado_smspending.ico crc e773264a
file uk\default\icons\desconectado.ico crc 95426394
file uk\default\icons\desconectado_smspending.ico crc a2df0570
file uk\default\icons\fav.ico crc 98ca4bb4
file uk\default\icons\favorites.ico crc 5d7fd31f
file uk\default\icons\help.ico crc 486ad6f
file uk\default\icons\intranet.ico crc 651cdfa
file uk\default\icons\settings.ico crc 85728a23
file uk\default\icons\sms.ico crc aac41141
file uk\default\icons\traffic.ico crc dabc1676
file uk\default\icons\wifi.ico crc 13e4aa87
file uk\default\notifiers\notifiers.xml crc 14267e4c
file uk\default\notifiers\tbnclose.png crc 28ce6cde
file uk\default\notifiers\tbnerror.png crc e907ceba
file uk\default\notifiers\tbngen.png crc 9d6fa3a6
file uk\default\notifiers\tbnsms.png crc 205564a4
file uk\default\notifiers\tbntraffic.png crc e212b477
file uk\default\services\addressbook.png crc 68848b8f
file uk\default\services\circle.png crc e9404ee7
file uk\default\services\favorites.png crc cfc98b78
file uk\default\services\intranet.png crc b82b348
file uk\default\services\more.png crc 8b9d0ba7
file uk\default\services\sms.png crc e828a6bf
file uk\default\services\uk-help.png crc 9c63b6ec
file uk\default\services\uk-settings.png crc 62cf7979
file uk\default\services\wifi.png crc a91d838
file uk\default\sysbtn\close.png crc 10f23ee6
file uk\default\sysbtn\minimize.png crc 5acda9b3
file uk\default\theme.xml crc 837e07d3

Paking IE ----------------- 
file ie\default\banners\banners.xml crc f6182a45
file ie\default\banners\banner_bgnd.png crc 73577248
file ie\default\banners\help.png crc ecd10f4b
file ie\default\banners\settings.png crc 978695ac
file ie\default\device\available.png crc bdd6a592
file ie\default\device\device.png crc c503f974
file ie\default\device\home.png crc 76b94c5c
file ie\default\device\roaming.png crc a5954ad6
file ie\default\dock\bkgnd.png crc 88498be
file ie\default\dock\connect.png crc 34dea8e9
file ie\default\dock\disconnect.png crc 831e9a27
file ie\default\dock\docking.png crc c2f3ee62
file ie\default\dock\lan.png crc 5235da99
file ie\default\dock\lock.png crc 4a793f3d
file ie\default\dock\logoo2.png crc 790bf030
file ie\default\dock\progconn.png crc 3bb4eba7
file ie\default\dock\signal.png crc 4fa625
file ie\default\dock\traffic.png crc 530b56f8
file ie\default\dock\trafficgraph.png crc b6996c62
file ie\default\dock\unlock.png crc 5767d744
file ie\default\dock\wifisignal.png crc 5aa81b25
file ie\default\icon.ico crc 2e692981
file ie\default\icons\addressbook.ico crc 87ad2fdf
file ie\default\icons\conectado.ico crc 3f9edd71
file ie\default\icons\conectado_smspending.ico crc e773264a
file ie\default\icons\desconectado.ico crc 95426394
file ie\default\icons\desconectado_smspending.ico crc 2b1b6f82
file ie\default\icons\fav.ico crc 98ca4bb4
file ie\default\icons\favorites.ico crc 5d7fd31f
file ie\default\icons\help.ico crc 486ad6f
file ie\default\icons\settings.ico crc 85728a23
file ie\default\icons\sms.ico crc aac41141
file ie\default\icons\traffic.ico crc dabc1676
file ie\default\icons\wifi.ico crc 13e4aa87
file ie\default\notifiers\notifiers.xml crc d5669f3a
file ie\default\notifiers\tbnclose.png crc 28ce6cde
file ie\default\notifiers\tbnerror.png crc e907ceba
file ie\default\notifiers\tbngen.png crc 9d6fa3a6
file ie\default\notifiers\tbnsms.png crc 205564a4
file ie\default\notifiers\tbntraffic.png crc e212b477
file ie\default\services\addressbook.png crc 68848b8f
file ie\default\services\circle.png crc e9404ee7
file ie\default\services\favorites.png crc cfc98b78
file ie\default\services\more.png crc 8b9d0ba7
file ie\default\services\sms.png crc e828a6bf
file ie\default\services\uk-help.png crc 9c63b6ec
file ie\default\services\uk-settings.png crc 62cf7979
file ie\default\services\wifi.png crc a91d838
file ie\default\sysbtn\close.png crc 10f23ee6
file ie\default\sysbtn\minimize.png crc 5acda9b3
file ie\default\theme.xml crc dc2f128e

Paking DE ----------------- 
file de\default\banners\banners.xml crc 3197d11d
file de\default\banners\banner_bgnd.png crc 73577248
file de\default\banners\help.png crc 12a6ccf7
file de\default\banners\settings.png crc c041a201
file de\default\device\available.png crc bdd6a592
file de\default\device\device.png crc 154158ea
file de\default\device\home.png crc 76b94c5c
file de\default\device\roaming.png crc a5954ad6
file de\default\dock\bkgnd.png crc 7151b882
file de\default\dock\connect.png crc 13067861
file de\default\dock\connecting.png crc b9d38684
file de\default\dock\disconnect.png crc 93824ce1
file de\default\dock\docking.png crc c2f3ee62
file de\default\dock\lan.png crc 74b9a9d7
file de\default\dock\lock.png crc 4a793f3d
file de\default\dock\logo.png crc bd5c0202
file de\default\dock\signal.png crc d5170c72
file de\default\dock\smart.png crc 7dc5f438
file de\default\dock\traffic.png crc 67f18d70
file de\default\dock\trafficgraph.png crc dc9a6db8
file de\default\dock\unlock.png crc 5767d744
file de\default\dock\wifisignal.png crc cc4d7961
file de\default\icon.ico crc daf4a613
file de\default\icons\addressbook.ico crc e75a477e
file de\default\icons\conectado.ico crc 69e1c670
file de\default\icons\conectado_smspending.ico crc e773264a
file de\default\icons\desconectado.ico crc d934009d
file de\default\icons\desconectado_smspending.ico crc a2df0570
file de\default\icons\fav.ico crc ceb5af5c
file de\default\icons\favorites.ico crc f894df6b
file de\default\icons\help.ico crc 268d799f
file de\default\icons\intranet.ico crc 2d831da5
file de\default\icons\online_de.ico crc c9cac901
file de\default\icons\prepay.ico crc b4edd239
file de\default\icons\settings.ico crc bdba60e1
file de\default\icons\sms.ico crc 94379266
file de\default\icons\traffic.ico crc 45cb2ce9
file de\default\icons\videocall.ico crc e345318a
file de\default\icons\wifi.ico crc 19ca3ca7
file de\default\notifiers\notifiers.xml crc 5d0b98fa
file de\default\notifiers\tbnclose.png crc 28ce6cde
file de\default\notifiers\tbnerror.png crc 300b1e37
file de\default\notifiers\tbngen.png crc a3533570
file de\default\notifiers\tbnhangup.png crc 614a2e5c
file de\default\notifiers\tbnpickup.png crc 67f95922
file de\default\notifiers\tbnsms.png crc cac2df06
file de\default\notifiers\tbnvcall.png crc fbf7e644
file de\default\services\addressbook.png crc 87ff4aa7
file de\default\services\circle.png crc e9404ee7
file de\default\services\euro_icn_win.png crc 30efb4dc
file de\default\services\favorites.png crc 7ca14e8f
file de\default\services\intranet.png crc 45ba1f4
file de\default\services\more.png crc 37c35ee3
file de\default\services\sms.png crc 1358cdb6
file de\default\services\videocall.png crc 4fa3ab4d
file de\default\services\wifi.png crc e205b100
file de\default\services\www_icn_win.png crc 7f8bc598
file de\default\sysbtn\close.png crc 62c54afa
file de\default\sysbtn\help.png crc 44fff32d
file de\default\sysbtn\minimize.png crc 8af61f7a
file de\default\sysbtn\settings.png crc fa6c3982
file de\default\theme.xml crc 9f49fd48

Paking DE EUROVIA --------- 
file de\eurovia\banners\banners.xml crc 3197d11d
file de\eurovia\banners\banner_bgnd.png crc 73577248
file de\eurovia\banners\help.png crc 12a6ccf7
file de\eurovia\banners\settings.png crc c041a201
file de\eurovia\device\available.png crc bdd6a592
file de\eurovia\device\device.png crc 154158ea
file de\eurovia\device\home.png crc 76b94c5c
file de\eurovia\device\roaming.png crc a5954ad6
file de\eurovia\dock\bkgnd.png crc 7151b882
file de\eurovia\dock\connect.png crc 13067861
file de\eurovia\dock\connecting.png crc b9d38684
file de\eurovia\dock\disconnect.png crc 93824ce1
file de\eurovia\dock\docking.png crc c2f3ee62
file de\eurovia\dock\lan.png crc 74b9a9d7
file de\eurovia\dock\lock.png crc 4a793f3d
file de\eurovia\dock\logo.png crc bd5c0202
file de\eurovia\dock\signal.png crc d5170c72
file de\eurovia\dock\smart.png crc 7dc5f438
file de\eurovia\dock\traffic.png crc 67f18d70
file de\eurovia\dock\trafficgraph.png crc dc9a6db8
file de\eurovia\dock\unlock.png crc 5767d744
file de\eurovia\dock\wifisignal.png crc cc4d7961
file de\eurovia\icon.ico crc daf4a613
file de\eurovia\icons\addressbook.ico crc ddfd972b
file de\eurovia\icons\conectado.ico crc 69e1c670
file de\eurovia\icons\conectado_smspending.ico crc e773264a
file de\eurovia\icons\desconectado.ico crc d934009d
file de\eurovia\icons\desconectado_smspending.ico crc 2b1b6f82
file de\eurovia\icons\fav.ico crc ceb5af5c
file de\eurovia\icons\favorites.ico crc 18c44792
file de\eurovia\icons\help.ico crc 268d799f
file de\eurovia\icons\intranet.ico crc dd95ed7e
file de\eurovia\icons\online_de.ico crc e0faaaef
file de\eurovia\icons\prepay.ico crc f68c40c4
file de\eurovia\icons\settings.ico crc bdba60e1
file de\eurovia\icons\sms.ico crc e57810b1
file de\eurovia\icons\traffic.ico crc 9b2b58d6
file de\eurovia\icons\videocall.ico crc e345318a
file de\eurovia\icons\wifi.ico crc 19ca3ca7
file de\eurovia\notifiers\notifiers.xml crc 5d0b98fa
file de\eurovia\notifiers\tbnclose.png crc 28ce6cde
file de\eurovia\notifiers\tbnerror.png crc 300b1e37
file de\eurovia\notifiers\tbngen.png crc a3533570
file de\eurovia\notifiers\tbnhangup.png crc 614a2e5c
file de\eurovia\notifiers\tbnpickup.png crc 67f95922
file de\eurovia\notifiers\tbnsms.png crc cac2df06
file de\eurovia\notifiers\tbnvcall.png crc fbf7e644
file de\eurovia\services\addressbook.png crc 87ff4aa7
file de\eurovia\services\circle.png crc e9404ee7
file de\eurovia\services\euro_icn_win.png crc 30efb4dc
file de\eurovia\services\favorites.png crc 7ca14e8f
file de\eurovia\services\intranet.png crc 45ba1f4
file de\eurovia\services\more.png crc 37c35ee3
file de\eurovia\services\sms.png crc 1358cdb6
file de\eurovia\services\videocall.png crc 4fa3ab4d
file de\eurovia\services\wifi.png crc e205b100
file de\eurovia\services\www_icn_win.png crc 7f8bc598
file de\eurovia\sysbtn\close.png crc 62c54afa
file de\eurovia\sysbtn\help.png crc 44fff32d
file de\eurovia\sysbtn\minimize.png crc 8af61f7a
file de\eurovia\sysbtn\settings.png crc fa6c3982
file de\eurovia\theme.xml crc 3146eea9

Paking DE FONIC ----------------- 
file de_fonic\default\banners\banners.xml crc 3197d11d
file de_fonic\default\banners\banner_bgnd.png crc ec5d8cba
file de_fonic\default\banners\help.png crc 12a6ccf7
file de_fonic\default\banners\settings.png crc c041a201
file de_fonic\default\device\available.png crc bdd6a592
file de_fonic\default\device\device.png crc 154158ea
file de_fonic\default\device\home.png crc 76b94c5c
file de_fonic\default\device\roaming.png crc a5954ad6
file de_fonic\default\dock\bkgnd.png crc dec4bd9c
file de_fonic\default\dock\connect.png crc 13067861
file de_fonic\default\dock\connecting.png crc b9d38684
file de_fonic\default\dock\disconnect.png crc 93824ce1
file de_fonic\default\dock\docking.png crc c2f3ee62
file de_fonic\default\dock\lan.png crc 74b9a9d7
file de_fonic\default\dock\lock.png crc 4a793f3d
file de_fonic\default\dock\logo.png crc 9bfc85b5
file de_fonic\default\dock\signal.png crc d5170c72
file de_fonic\default\dock\smart.png crc 7dc5f438
file de_fonic\default\dock\traffic.png crc 67f18d70
file de_fonic\default\dock\trafficgraph.png crc dc9a6db8
file de_fonic\default\dock\unlock.png crc 5767d744
file de_fonic\default\dock\wifisignal.png crc cc4d7961
file de_fonic\default\icon.ico crc db240cf6
file de_fonic\default\icons\addressbook.ico crc e75a477e
file de_fonic\default\icons\conectado.ico crc 69e1c670
file de_fonic\default\icons\conectado_smspending.ico crc e773264a
file de_fonic\default\icons\desconectado.ico crc d934009d
file de_fonic\default\icons\desconectado_smspending.ico crc a2df0570
file de_fonic\default\icons\fav.ico crc ceb5af5c
file de_fonic\default\icons\favorites.ico crc f894df6b
file de_fonic\default\icons\help.ico crc 268d799f
file de_fonic\default\icons\intranet.ico crc 2d831da5
file de_fonic\default\icons\online_de.ico crc c9cac901
file de_fonic\default\icons\prepay.ico crc b4edd239
file de_fonic\default\icons\settings.ico crc bdba60e1
file de_fonic\default\icons\sms.ico crc 94379266
file de_fonic\default\icons\traffic.ico crc 45cb2ce9
file de_fonic\default\icons\videocall.ico crc e345318a
file de_fonic\default\icons\wifi.ico crc 19ca3ca7
file de_fonic\default\notifiers\notifiers.xml crc 5d0b98fa
file de_fonic\default\notifiers\tbnclose.png crc 28ce6cde
file de_fonic\default\notifiers\tbnerror.png crc 300b1e37
file de_fonic\default\notifiers\tbngen.png crc a3533570
file de_fonic\default\notifiers\tbnhangup.png crc 614a2e5c
file de_fonic\default\notifiers\tbnpickup.png crc 67f95922
file de_fonic\default\notifiers\tbnsms.png crc cac2df06
file de_fonic\default\notifiers\tbnvcall.png crc fbf7e644
file de_fonic\default\services\addressbook.png crc 87ff4aa7
file de_fonic\default\services\circle.png crc e9404ee7
file de_fonic\default\services\euro_icn_win.png crc 30efb4dc
file de_fonic\default\services\favorites.png crc 7ca14e8f
file de_fonic\default\services\intranet.png crc 45ba1f4
file de_fonic\default\services\more.png crc 37c35ee3
file de_fonic\default\services\sms.png crc 1358cdb6
file de_fonic\default\services\videocall.png crc 4fa3ab4d
file de_fonic\default\services\wifi.png crc e205b100
file de_fonic\default\services\www_icn_win.png crc 7f8bc598
file de_fonic\default\sysbtn\close.png crc 62c54afa
file de_fonic\default\sysbtn\help.png crc 44fff32d
file de_fonic\default\sysbtn\minimize.png crc 8af61f7a
file de_fonic\default\sysbtn\settings.png crc fa6c3982
file de_fonic\default\theme.xml crc 5b71cec4

Paking CZ ----------------- 
file cz\default\banners\banners.xml crc 59a3ef85
file cz\default\banners\banner_bgnd.png crc 73577248
file cz\default\banners\help.png crc 12a6ccf7
file cz\default\banners\settings.png crc c041a201
file cz\default\device\available.png crc bdd6a592
file cz\default\device\device.png crc 154158ea
file cz\default\device\home.png crc 76b94c5c
file cz\default\device\roaming.png crc a5954ad6
file cz\default\dock\bkgnd.png crc 7151b882
file cz\default\dock\connect.png crc 13067861
file cz\default\dock\connecting.png crc b9d38684
file cz\default\dock\disconnect.png crc 93824ce1
file cz\default\dock\docking.png crc c2f3ee62
file cz\default\dock\fav.ico crc ceb5af5c
file cz\default\dock\lan.png crc 74b9a9d7
file cz\default\dock\lock.png crc 4a793f3d
file cz\default\dock\logo.png crc bd5c0202
file cz\default\dock\signal.png crc d5170c72
file cz\default\dock\smart.png crc 7dc5f438
file cz\default\dock\traffic.png crc 67f18d70
file cz\default\dock\trafficgraph.png crc dc9a6db8
file cz\default\dock\unlock.png crc 5767d744
file cz\default\dock\wifisignal.png crc cc4d7961
file cz\default\icon.ico crc daf4a613
file cz\default\icons\addressbook.ico crc a8c293e8
file cz\default\icons\conectado.ico crc 69e1c670
file cz\default\icons\conectado_smspending.ico crc e773264a
file cz\default\icons\desconectado.ico crc d934009d
file cz\default\icons\desconectado_smspending.ico crc 2b1b6f82
file cz\default\icons\favorites.ico crc 9ad5d746
file cz\default\icons\help.ico crc 268d799f
file cz\default\icons\internet.ico crc d00c826a
file cz\default\icons\intranet.ico crc dd95ed7e
file cz\default\icons\prepay.ico crc 715beabd
file cz\default\icons\selfcare.ico crc 7064e920
file cz\default\icons\settings.ico crc bdba60e1
file cz\default\icons\sms.ico crc 38ead8de
file cz\default\icons\traffic.ico crc 9b2b58d6
file cz\default\icons\videocall.ico crc e345318a
file cz\default\icons\wifi.ico crc 19ca3ca7
file cz\default\notifiers\notifiers.xml crc fbeb38
file cz\default\notifiers\tbnclose.png crc 28ce6cde
file cz\default\notifiers\tbnerror.png crc e926afb3
file cz\default\notifiers\tbngen.png crc a3533570
file cz\default\notifiers\tbnhangup.png crc 614a2e5c
file cz\default\notifiers\tbnpickup.png crc 67f95922
file cz\default\notifiers\tbnsms.png crc cac2df06
file cz\default\notifiers\tbnvcall.png crc fbf7e644
file cz\default\services\addressbook.png crc 30b7751e
file cz\default\services\bbselfcare_1.png crc 3b32f885
file cz\default\services\circle.png crc e9404ee7
file cz\default\services\euro_icn_win.png crc be165242
file cz\default\services\favorites.png crc d911d6bb
file cz\default\services\intranet.png crc 45ba1f4
file cz\default\services\more.png crc 37c35ee3
file cz\default\services\sms.png crc c331afd7
file cz\default\services\videocall.png crc 4fa3ab4d
file cz\default\services\wifi.png crc e205b100
file cz\default\services\www_icn_win.png crc 1dc648ee
file cz\default\sysbtn\close.png crc 62c54afa
file cz\default\sysbtn\help.png crc 44fff32d
file cz\default\sysbtn\minimize.png crc 8af61f7a
file cz\default\sysbtn\settings.png crc fa6c3982
file cz\default\theme.xml crc acf87918

